2025-07-26 12:19:35.285211 - User: Anonymous - Path: /
2025-07-26 12:19:35.506185 - User: Anonymous - Path: /favicon.ico
2025-07-26 12:19:45.663930 - User: Anonymous - Path: /admin
2025-07-26 12:19:45.689948 - User: Anonymous - Path: /admin/
2025-07-26 12:19:45.830856 - User: Anonymous - Path: /admin/login/
2025-07-26 12:19:47.482163 - User: Anonymous - Path: /favicon.ico
2025-07-26 12:20:11.187004 - User: Anonymous - Path: /chats/
2025-07-26 12:20:28.553672 - User: Anonymous - Path: /chats/
2025-07-26 12:20:28.664372 - User: Anonymous - Path: /favicon.ico
2025-07-26 12:20:34.346716 - User: Anonymous - Path: /chats
2025-07-26 12:20:44.293083 - User: Anonymous - Path: /api/
2025-07-26 12:20:44.991964 - User: Anonymous - Path: /favicon.ico
2025-07-26 12:20:57.736900 - User: Anonymous - Path: /chats/
2025-07-26 12:20:57.813056 - User: Anonymous - Path: /favicon.ico
2025-07-26 12:26:59.344202 - User: Anonymous - Path: /chats/
2025-07-26 12:26:59.442431 - User: Anonymous - Path: /favicon.ico
2025-07-26 12:27:35.496979 - User: Anonymous - Path: /chats/
2025-07-26 12:27:35.570459 - User: Anonymous - Path: /favicon.ico
2025-07-26 12:36:45.609403 - User: Anonymous - Path: /
2025-07-26 12:36:45.754336 - User: Anonymous - Path: /favicon.ico
2025-07-26 12:37:12.253104 - User: Anonymous - Path: /chats/
2025-07-26 12:37:12.437608 - User: Anonymous - Path: /favicon.ico
2025-07-26 12:37:23.396239 - User: Anonymous - Path: /
2025-07-26 12:37:23.481568 - User: Anonymous - Path: /favicon.ico
2025-07-26 12:37:29.696113 - User: Anonymous - Path: /
2025-07-26 12:37:29.794353 - User: Anonymous - Path: /favicon.ico
2025-07-26 12:43:35.228200 - User: Anonymous - Path: /chats/
2025-07-26 12:43:35.359048 - User: Anonymous - Path: /favicon.ico
